# JRE version: Java(TM) SE Runtime Environment (8.0_181-b13) (build 1.8.0_181-b13)
# Java VM: Java HotSpot(TM) 64-Bit Server VM (25.181-b13 mixed mode windows-amd64 compressed oops)
Heap:
 PSYoungGen      total 260608K, used 195024K [0x00000000d5f00000, 0x00000000e7f80000, 0x0000000100000000)
  eden space 229888K, 84% used [0x00000000d5f00000,0x00000000e1d74258,0x00000000e3f80000)
  from space 30720K, 0% used [0x00000000e5c00000,0x00000000e5c00000,0x00000000e7a00000)
  to   space 29184K, 0% used [0x00000000e3f80000,0x00000000e3f80000,0x00000000e5c00000)
 ParOldGen       total 101888K, used 22853K [0x0000000081c00000, 0x0000000087f80000, 0x00000000d5f00000)
  object space 101888K, 22% used [0x0000000081c00000,0x0000000083251618,0x0000000087f80000)
 Metaspace       used 43788K, capacity 45698K, committed 45824K, reserved 1089536K
  class space    used 5741K, capacity 6109K, committed 6144K, reserved 1048576K
GC Heap History (10 events):
Event: 4.344 GC heap before
{Heap before GC invocations=10 (full 1):
 PSYoungGen      total 147968K, used 147963K [0x00000000d5f00000, 0x00000000e3500000, 0x0000000100000000)
  eden space 139264K, 100% used [0x00000000d5f00000,0x00000000de700000,0x00000000de700000)
  from space 8704K, 99% used [0x00000000df600000,0x00000000dfe7efa8,0x00000000dfe80000)
  to   space 15360K, 0% used [0x00000000de700000,0x00000000de700000,0x00000000df600000)
 ParOldGen       total 59392K, used 20151K [0x0000000081c00000, 0x0000000085600000, 0x00000000d5f00000)
  object space 59392K, 33% used [0x0000000081c00000,0x0000000082fadfb0,0x0000000085600000)
 Metaspace       used 24331K, capacity 24984K, committed 25088K, reserved 1071104K
  class space    used 3108K, capacity 3268K, committed 3328K, reserved 1048576K
Event: 4.376 GC heap after
Heap after GC invocations=10 (full 1):
 PSYoungGen      total 154624K, used 15336K [0x00000000d5f00000, 0x00000000e3c80000, 0x0000000100000000)
  eden space 139264K, 0% used [0x00000000d5f00000,0x00000000d5f00000,0x00000000de700000)
  from space 15360K, 99% used [0x00000000de700000,0x00000000df5fa070,0x00000000df600000)
  to   space 23040K, 0% used [0x00000000e2600000,0x00000000e2600000,0x00000000e3c80000)
 ParOldGen       total 59392K, used 32880K [0x0000000081c00000, 0x0000000085600000, 0x00000000d5f00000)
  object space 59392K, 55% used [0x0000000081c00000,0x0000000083c1c148,0x0000000085600000)
 Metaspace       used 24331K, capacity 24984K, committed 25088K, reserved 1071104K
  class space    used 3108K, capacity 3268K, committed 3328K, reserved 1048576K
}
Event: 5.351 GC heap before
{Heap before GC invocations=11 (full 1):
 PSYoungGen      total 154624K, used 154600K [0x00000000d5f00000, 0x00000000e3c80000, 0x0000000100000000)
  eden space 139264K, 100% used [0x00000000d5f00000,0x00000000de700000,0x00000000de700000)
  from space 15360K, 99% used [0x00000000de700000,0x00000000df5fa070,0x00000000df600000)
  to   space 23040K, 0% used [0x00000000e2600000,0x00000000e2600000,0x00000000e3c80000)
 ParOldGen       total 59392K, used 32880K [0x0000000081c00000, 0x0000000085600000, 0x00000000d5f00000)
  object space 59392K, 55% used [0x0000000081c00000,0x0000000083c1c148,0x0000000085600000)
 Metaspace       used 27693K, capacity 28564K, committed 28928K, reserved 1075200K
  class space    used 3528K, capacity 3732K, committed 3840K, reserved 1048576K
Event: 5.391 GC heap after
Heap after GC invocations=11 (full 1):
 PSYoungGen      total 201216K, used 21463K [0x00000000d5f00000, 0x00000000e4280000, 0x0000000100000000)
  eden space 178176K, 0% used [0x00000000d5f00000,0x00000000d5f00000,0x00000000e0d00000)
  from space 23040K, 93% used [0x00000000e2600000,0x00000000e3af5e60,0x00000000e3c80000)
  to   space 25600K, 0% used [0x00000000e0d00000,0x00000000e0d00000,0x00000000e2600000)
 ParOldGen       total 59392K, used 32888K [0x0000000081c00000, 0x0000000085600000, 0x00000000d5f00000)
  object space 59392K, 55% used [0x0000000081c00000,0x0000000083c1e148,0x0000000085600000)
 Metaspace       used 27693K, capacity 28564K, committed 28928K, reserved 1075200K
  class space    used 3528K, capacity 3732K, committed 3840K, reserved 1048576K
}
Event: 8.047 GC heap before
{Heap before GC invocations=12 (full 1):
 PSYoungGen      total 201216K, used 199639K [0x00000000d5f00000, 0x00000000e4280000, 0x0000000100000000)
  eden space 178176K, 100% used [0x00000000d5f00000,0x00000000e0d00000,0x00000000e0d00000)
  from space 23040K, 93% used [0x00000000e2600000,0x00000000e3af5e60,0x00000000e3c80000)
  to   space 25600K, 0% used [0x00000000e0d00000,0x00000000e0d00000,0x00000000e2600000)
 ParOldGen       total 59392K, used 32888K [0x0000000081c00000, 0x0000000085600000, 0x00000000d5f00000)
  object space 59392K, 55% used [0x0000000081c00000,0x0000000083c1e148,0x0000000085600000)
 Metaspace       used 33383K, capacity 34718K, committed 35072K, reserved 1079296K
  class space    used 4240K, capacity 4503K, committed 4608K, reserved 1048576K
Event: 8.089 GC heap after
Heap after GC invocations=12 (full 1):
 PSYoungGen      total 203776K, used 25589K [0x00000000d5f00000, 0x00000000e7a00000, 0x0000000100000000)
  eden space 178176K, 0% used [0x00000000d5f00000,0x00000000d5f00000,0x00000000e0d00000)
  from space 25600K, 99% used [0x00000000e0d00000,0x00000000e25fd460,0x00000000e2600000)
  to   space 30720K, 0% used [0x00000000e5c00000,0x00000000e5c00000,0x00000000e7a00000)
 ParOldGen       total 59392K, used 35452K [0x0000000081c00000, 0x0000000085600000, 0x00000000d5f00000)
  object space 59392K, 59% used [0x0000000081c00000,0x0000000083e9f098,0x0000000085600000)
 Metaspace       used 33383K, capacity 34718K, committed 35072K, reserved 1079296K
  class space    used 4240K, capacity 4503K, committed 4608K, reserved 1048576K
}
Event: 8.283 GC heap before
{Heap before GC invocations=13 (full 1):
 PSYoungGen      total 203776K, used 39003K [0x00000000d5f00000, 0x00000000e7a00000, 0x0000000100000000)
  eden space 178176K, 7% used [0x00000000d5f00000,0x00000000d6c19860,0x00000000e0d00000)
  from space 25600K, 99% used [0x00000000e0d00000,0x00000000e25fd460,0x00000000e2600000)
  to   space 30720K, 0% used [0x00000000e5c00000,0x00000000e5c00000,0x00000000e7a00000)
 ParOldGen       total 59392K, used 35452K [0x0000000081c00000, 0x0000000085600000, 0x00000000d5f00000)
  object space 59392K, 59% used [0x0000000081c00000,0x0000000083e9f098,0x0000000085600000)
 Metaspace       used 33995K, capacity 35314K, committed 35416K, reserved 1081344K
  class space    used 4309K, capacity 4571K, committed 4608K, reserved 1048576K
Event: 8.298 GC heap after
Heap after GC invocations=13 (full 1):
 PSYoungGen      total 260608K, used 10273K [0x00000000d5f00000, 0x00000000e7f80000, 0x0000000100000000)
  eden space 229888K, 0% used [0x00000000d5f00000,0x00000000d5f00000,0x00000000e3f80000)
  from space 30720K, 33% used [0x00000000e5c00000,0x00000000e66086d8,0x00000000e7a00000)
  to   space 29184K, 0% used [0x00000000e3f80000,0x00000000e3f80000,0x00000000e5c00000)
 ParOldGen       total 59392K, used 41196K [0x0000000081c00000, 0x0000000085600000, 0x00000000d5f00000)
  object space 59392K, 69% used [0x0000000081c00000,0x000000008443b098,0x0000000085600000)
 Metaspace       used 33995K, capacity 35314K, committed 35416K, reserved 1081344K
  class space    used 4309K, capacity 4571K, committed 4608K, reserved 1048576K
}
Event: 8.298 GC heap before
{Heap before GC invocations=14 (full 2):
 PSYoungGen      total 260608K, used 10273K [0x00000000d5f00000, 0x00000000e7f80000, 0x0000000100000000)
  eden space 229888K, 0% used [0x00000000d5f00000,0x00000000d5f00000,0x00000000e3f80000)
  from space 30720K, 33% used [0x00000000e5c00000,0x00000000e66086d8,0x00000000e7a00000)
  to   space 29184K, 0% used [0x00000000e3f80000,0x00000000e3f80000,0x00000000e5c00000)
 ParOldGen       total 59392K, used 41196K [0x0000000081c00000, 0x0000000085600000, 0x00000000d5f00000)
  object space 59392K, 69% used [0x0000000081c00000,0x000000008443b098,0x0000000085600000)
 Metaspace       used 33995K, capacity 35314K, committed 35416K, reserved 1081344K
  class space    used 4309K, capacity 4571K, committed 4608K, reserved 1048576K
Event: 8.410 GC heap after
Heap after GC invocations=14 (full 2):
 PSYoungGen      total 260608K, used 0K [0x00000000d5f00000, 0x00000000e7f80000, 0x0000000100000000)
  eden space 229888K, 0% used [0x00000000d5f00000,0x00000000d5f00000,0x00000000e3f80000)
  from space 30720K, 0% used [0x00000000e5c00000,0x00000000e5c00000,0x00000000e7a00000)
  to   space 29184K, 0% used [0x00000000e3f80000,0x00000000e3f80000,0x00000000e5c00000)
 ParOldGen       total 101888K, used 22853K [0x0000000081c00000, 0x0000000087f80000, 0x00000000d5f00000)
  object space 101888K, 22% used [0x0000000081c00000,0x0000000083251618,0x0000000087f80000)
 Metaspace       used 33995K, capacity 35314K, committed 35416K, reserved 1081344K
  class space    used 4309K, capacity 4571K, committed 4608K, reserved 1048576K
}

