# JRE version: Java(TM) SE Runtime Environment (8.0_181-b13) (build 1.8.0_181-b13)
# Java VM: Java HotSpot(TM) 64-Bit Server VM (25.181-b13 mixed mode windows-amd64 compressed oops)
Heap:
 PSYoungGen      total 246784K, used 130952K [0x00000000d5f00000, 0x00000000e7300000, 0x0000000100000000)
  eden space 216064K, 60% used [0x00000000d5f00000,0x00000000ddee23b8,0x00000000e3200000)
  from space 30720K, 0% used [0x00000000e4e80000,0x00000000e4e80000,0x00000000e6c80000)
  to   space 29184K, 0% used [0x00000000e3200000,0x00000000e3200000,0x00000000e4e80000)
 ParOldGen       total 105472K, used 25090K [0x0000000081c00000, 0x0000000088300000, 0x00000000d5f00000)
  object space 105472K, 23% used [0x0000000081c00000,0x0000000083480918,0x0000000088300000)
 Metaspace       used 43063K, capacity 44978K, committed 45312K, reserved 1089536K
  class space    used 5674K, capacity 6027K, committed 6144K, reserved 1048576K
GC Heap History (10 events):
Event: 5.309 GC heap before
{Heap before GC invocations=10 (full 1):
 PSYoungGen      total 147456K, used 147435K [0x00000000d5f00000, 0x00000000e3200000, 0x0000000100000000)
  eden space 138752K, 100% used [0x00000000d5f00000,0x00000000de680000,0x00000000de680000)
  from space 8704K, 99% used [0x00000000df580000,0x00000000dfdfafb8,0x00000000dfe00000)
  to   space 15360K, 0% used [0x00000000de680000,0x00000000de680000,0x00000000df580000)
 ParOldGen       total 59904K, used 20125K [0x0000000081c00000, 0x0000000085680000, 0x00000000d5f00000)
  object space 59904K, 33% used [0x0000000081c00000,0x0000000082fa7508,0x0000000085680000)
 Metaspace       used 24343K, capacity 24984K, committed 25088K, reserved 1071104K
  class space    used 3102K, capacity 3268K, committed 3328K, reserved 1048576K
Event: 5.338 GC heap after
Heap after GC invocations=10 (full 1):
 PSYoungGen      total 154112K, used 15356K [0x00000000d5f00000, 0x00000000e3880000, 0x0000000100000000)
  eden space 138752K, 0% used [0x00000000d5f00000,0x00000000d5f00000,0x00000000de680000)
  from space 15360K, 99% used [0x00000000de680000,0x00000000df57f280,0x00000000df580000)
  to   space 23040K, 0% used [0x00000000e2200000,0x00000000e2200000,0x00000000e3880000)
 ParOldGen       total 59904K, used 33336K [0x0000000081c00000, 0x0000000085680000, 0x00000000d5f00000)
  object space 59904K, 55% used [0x0000000081c00000,0x0000000083c8e0f0,0x0000000085680000)
 Metaspace       used 24343K, capacity 24984K, committed 25088K, reserved 1071104K
  class space    used 3102K, capacity 3268K, committed 3328K, reserved 1048576K
}
Event: 6.215 GC heap before
{Heap before GC invocations=11 (full 1):
 PSYoungGen      total 154112K, used 154108K [0x00000000d5f00000, 0x00000000e3880000, 0x0000000100000000)
  eden space 138752K, 100% used [0x00000000d5f00000,0x00000000de680000,0x00000000de680000)
  from space 15360K, 99% used [0x00000000de680000,0x00000000df57f280,0x00000000df580000)
  to   space 23040K, 0% used [0x00000000e2200000,0x00000000e2200000,0x00000000e3880000)
 ParOldGen       total 59904K, used 33336K [0x0000000081c00000, 0x0000000085680000, 0x00000000d5f00000)
  object space 59904K, 55% used [0x0000000081c00000,0x0000000083c8e0f0,0x0000000085680000)
 Metaspace       used 27708K, capacity 28564K, committed 28928K, reserved 1075200K
  class space    used 3519K, capacity 3732K, committed 3840K, reserved 1048576K
Event: 6.240 GC heap after
Heap after GC invocations=11 (full 1):
 PSYoungGen      total 196608K, used 21681K [0x00000000d5f00000, 0x00000000e3d00000, 0x0000000100000000)
  eden space 173568K, 0% used [0x00000000d5f00000,0x00000000d5f00000,0x00000000e0880000)
  from space 23040K, 94% used [0x00000000e2200000,0x00000000e372c758,0x00000000e3880000)
  to   space 26112K, 0% used [0x00000000e0880000,0x00000000e0880000,0x00000000e2200000)
 ParOldGen       total 59904K, used 33336K [0x0000000081c00000, 0x0000000085680000, 0x00000000d5f00000)
  object space 59904K, 55% used [0x0000000081c00000,0x0000000083c8e0f0,0x0000000085680000)
 Metaspace       used 27708K, capacity 28564K, committed 28928K, reserved 1075200K
  class space    used 3519K, capacity 3732K, committed 3840K, reserved 1048576K
}
Event: 8.024 GC heap before
{Heap before GC invocations=12 (full 1):
 PSYoungGen      total 196608K, used 195249K [0x00000000d5f00000, 0x00000000e3d00000, 0x0000000100000000)
  eden space 173568K, 100% used [0x00000000d5f00000,0x00000000e0880000,0x00000000e0880000)
  from space 23040K, 94% used [0x00000000e2200000,0x00000000e372c758,0x00000000e3880000)
  to   space 26112K, 0% used [0x00000000e0880000,0x00000000e0880000,0x00000000e2200000)
 ParOldGen       total 59904K, used 33336K [0x0000000081c00000, 0x0000000085680000, 0x00000000d5f00000)
  object space 59904K, 55% used [0x0000000081c00000,0x0000000083c8e0f0,0x0000000085680000)
 Metaspace       used 33386K, capacity 34718K, committed 35072K, reserved 1079296K
  class space    used 4241K, capacity 4503K, committed 4608K, reserved 1048576K
Event: 8.049 GC heap after
Heap after GC invocations=12 (full 1):
 PSYoungGen      total 199680K, used 26100K [0x00000000d5f00000, 0x00000000e6c80000, 0x0000000100000000)
  eden space 173568K, 0% used [0x00000000d5f00000,0x00000000d5f00000,0x00000000e0880000)
  from space 26112K, 99% used [0x00000000e0880000,0x00000000e21fd238,0x00000000e2200000)
  to   space 30720K, 0% used [0x00000000e4e80000,0x00000000e4e80000,0x00000000e6c80000)
 ParOldGen       total 59904K, used 35280K [0x0000000081c00000, 0x0000000085680000, 0x00000000d5f00000)
  object space 59904K, 58% used [0x0000000081c00000,0x0000000083e741b8,0x0000000085680000)
 Metaspace       used 33386K, capacity 34718K, committed 35072K, reserved 1079296K
  class space    used 4241K, capacity 4503K, committed 4608K, reserved 1048576K
}
Event: 8.195 GC heap before
{Heap before GC invocations=13 (full 1):
 PSYoungGen      total 199680K, used 45711K [0x00000000d5f00000, 0x00000000e6c80000, 0x0000000100000000)
  eden space 173568K, 11% used [0x00000000d5f00000,0x00000000d7226c20,0x00000000e0880000)
  from space 26112K, 99% used [0x00000000e0880000,0x00000000e21fd238,0x00000000e2200000)
  to   space 30720K, 0% used [0x00000000e4e80000,0x00000000e4e80000,0x00000000e6c80000)
 ParOldGen       total 59904K, used 35280K [0x0000000081c00000, 0x0000000085680000, 0x00000000d5f00000)
  object space 59904K, 58% used [0x0000000081c00000,0x0000000083e741b8,0x0000000085680000)
 Metaspace       used 34016K, capacity 35314K, committed 35416K, reserved 1081344K
  class space    used 4312K, capacity 4571K, committed 4608K, reserved 1048576K
Event: 8.209 GC heap after
Heap after GC invocations=13 (full 1):
 PSYoungGen      total 246784K, used 13271K [0x00000000d5f00000, 0x00000000e7300000, 0x0000000100000000)
  eden space 216064K, 0% used [0x00000000d5f00000,0x00000000d5f00000,0x00000000e3200000)
  from space 30720K, 43% used [0x00000000e4e80000,0x00000000e5b75fb8,0x00000000e6c80000)
  to   space 29184K, 0% used [0x00000000e3200000,0x00000000e3200000,0x00000000e4e80000)
 ParOldGen       total 59904K, used 40438K [0x0000000081c00000, 0x0000000085680000, 0x00000000d5f00000)
  object space 59904K, 67% used [0x0000000081c00000,0x000000008437da78,0x0000000085680000)
 Metaspace       used 34016K, capacity 35314K, committed 35416K, reserved 1081344K
  class space    used 4312K, capacity 4571K, committed 4608K, reserved 1048576K
}
Event: 8.209 GC heap before
{Heap before GC invocations=14 (full 2):
 PSYoungGen      total 246784K, used 13271K [0x00000000d5f00000, 0x00000000e7300000, 0x0000000100000000)
  eden space 216064K, 0% used [0x00000000d5f00000,0x00000000d5f00000,0x00000000e3200000)
  from space 30720K, 43% used [0x00000000e4e80000,0x00000000e5b75fb8,0x00000000e6c80000)
  to   space 29184K, 0% used [0x00000000e3200000,0x00000000e3200000,0x00000000e4e80000)
 ParOldGen       total 59904K, used 40438K [0x0000000081c00000, 0x0000000085680000, 0x00000000d5f00000)
  object space 59904K, 67% used [0x0000000081c00000,0x000000008437da78,0x0000000085680000)
 Metaspace       used 34016K, capacity 35314K, committed 35416K, reserved 1081344K
  class space    used 4312K, capacity 4571K, committed 4608K, reserved 1048576K
Event: 8.276 GC heap after
Heap after GC invocations=14 (full 2):
 PSYoungGen      total 246784K, used 0K [0x00000000d5f00000, 0x00000000e7300000, 0x0000000100000000)
  eden space 216064K, 0% used [0x00000000d5f00000,0x00000000d5f00000,0x00000000e3200000)
  from space 30720K, 0% used [0x00000000e4e80000,0x00000000e4e80000,0x00000000e6c80000)
  to   space 29184K, 0% used [0x00000000e3200000,0x00000000e3200000,0x00000000e4e80000)
 ParOldGen       total 105472K, used 25090K [0x0000000081c00000, 0x0000000088300000, 0x00000000d5f00000)
  object space 105472K, 23% used [0x0000000081c00000,0x0000000083480918,0x0000000088300000)
 Metaspace       used 34016K, capacity 35314K, committed 35416K, reserved 1081344K
  class space    used 4312K, capacity 4571K, committed 4608K, reserved 1048576K
}

