# JRE version: Java(TM) SE Runtime Environment (8.0_181-b13) (build 1.8.0_181-b13)
# Java VM: Java HotSpot(TM) 64-Bit Server VM (25.181-b13 mixed mode windows-amd64 compressed oops)
Heap:
 PSYoungGen      total 144896K, used 20445K [0x00000000d5f00000, 0x00000000dfc00000, 0x0000000100000000)
  eden space 132096K, 5% used [0x00000000d5f00000,0x00000000d667bd48,0x00000000de000000)
  from space 12800K, 99% used [0x00000000ded80000,0x00000000df9fb7b0,0x00000000dfa00000)
  to   space 13824K, 0% used [0x00000000de000000,0x00000000de000000,0x00000000ded80000)
 ParOldGen       total 82944K, used 26449K [0x0000000081c00000, 0x0000000086d00000, 0x00000000d5f00000)
  object space 82944K, 31% used [0x0000000081c00000,0x00000000835d4620,0x0000000086d00000)
 Metaspace       used 26144K, capacity 26824K, committed 26928K, reserved 1073152K
  class space    used 3089K, capacity 3280K, committed 3376K, reserved 1048576K
GC Heap History (10 events):
Event: 2.243 GC heap before
{Heap before GC invocations=5 (full 0):
 PSYoungGen      total 71680K, used 71656K [0x00000000d5f00000, 0x00000000daa00000, 0x0000000100000000)
  eden space 66560K, 100% used [0x00000000d5f00000,0x00000000da000000,0x00000000da000000)
  from space 5120K, 99% used [0x00000000da500000,0x00000000da9fa040,0x00000000daa00000)
  to   space 5120K, 0% used [0x00000000da000000,0x00000000da000000,0x00000000da500000)
 ParOldGen       total 87552K, used 8332K [0x0000000081c00000, 0x0000000087180000, 0x00000000d5f00000)
  object space 87552K, 9% used [0x0000000081c00000,0x00000000824233e8,0x0000000087180000)
 Metaspace       used 16386K, capacity 16780K, committed 17152K, reserved 1064960K
  class space    used 1937K, capacity 2011K, committed 2048K, reserved 1048576K
Event: 2.253 GC heap after
Heap after GC invocations=5 (full 0):
 PSYoungGen      total 71680K, used 5112K [0x00000000d5f00000, 0x00000000dfa00000, 0x0000000100000000)
  eden space 66560K, 0% used [0x00000000d5f00000,0x00000000d5f00000,0x00000000da000000)
  from space 5120K, 99% used [0x00000000da000000,0x00000000da4fe050,0x00000000da500000)
  to   space 12800K, 0% used [0x00000000ded80000,0x00000000ded80000,0x00000000dfa00000)
 ParOldGen       total 87552K, used 15169K [0x0000000081c00000, 0x0000000087180000, 0x00000000d5f00000)
  object space 87552K, 17% used [0x0000000081c00000,0x0000000082ad0410,0x0000000087180000)
 Metaspace       used 16386K, capacity 16780K, committed 17152K, reserved 1064960K
  class space    used 1937K, capacity 2011K, committed 2048K, reserved 1048576K
}
Event: 2.642 GC heap before
{Heap before GC invocations=6 (full 0):
 PSYoungGen      total 71680K, used 71672K [0x00000000d5f00000, 0x00000000dfa00000, 0x0000000100000000)
  eden space 66560K, 100% used [0x00000000d5f00000,0x00000000da000000,0x00000000da000000)
  from space 5120K, 99% used [0x00000000da000000,0x00000000da4fe050,0x00000000da500000)
  to   space 12800K, 0% used [0x00000000ded80000,0x00000000ded80000,0x00000000dfa00000)
 ParOldGen       total 87552K, used 15169K [0x0000000081c00000, 0x0000000087180000, 0x00000000d5f00000)
  object space 87552K, 17% used [0x0000000081c00000,0x0000000082ad0410,0x0000000087180000)
 Metaspace       used 16833K, capacity 17238K, committed 17536K, reserved 1064960K
  class space    used 1965K, capacity 2050K, committed 2176K, reserved 1048576K
Event: 2.654 GC heap after
Heap after GC invocations=6 (full 0):
 PSYoungGen      total 144896K, used 11777K [0x00000000d5f00000, 0x00000000dfc00000, 0x0000000100000000)
  eden space 132096K, 0% used [0x00000000d5f00000,0x00000000d5f00000,0x00000000de000000)
  from space 12800K, 92% used [0x00000000ded80000,0x00000000df900650,0x00000000dfa00000)
  to   space 13824K, 0% used [0x00000000de000000,0x00000000de000000,0x00000000ded80000)
 ParOldGen       total 87552K, used 15177K [0x0000000081c00000, 0x0000000087180000, 0x00000000d5f00000)
  object space 87552K, 17% used [0x0000000081c00000,0x0000000082ad2410,0x0000000087180000)
 Metaspace       used 16833K, capacity 17238K, committed 17536K, reserved 1064960K
  class space    used 1965K, capacity 2050K, committed 2176K, reserved 1048576K
}
Event: 3.482 GC heap before
{Heap before GC invocations=7 (full 0):
 PSYoungGen      total 144896K, used 83178K [0x00000000d5f00000, 0x00000000dfc00000, 0x0000000100000000)
  eden space 132096K, 54% used [0x00000000d5f00000,0x00000000da4ba258,0x00000000de000000)
  from space 12800K, 92% used [0x00000000ded80000,0x00000000df900650,0x00000000dfa00000)
  to   space 13824K, 0% used [0x00000000de000000,0x00000000de000000,0x00000000ded80000)
 ParOldGen       total 87552K, used 15177K [0x0000000081c00000, 0x0000000087180000, 0x00000000d5f00000)
  object space 87552K, 17% used [0x0000000081c00000,0x0000000082ad2410,0x0000000087180000)
 Metaspace       used 20693K, capacity 21204K, committed 21296K, reserved 1069056K
  class space    used 2460K, capacity 2587K, committed 2608K, reserved 1048576K
Event: 3.501 GC heap after
Heap after GC invocations=7 (full 0):
 PSYoungGen      total 145920K, used 13597K [0x00000000d5f00000, 0x00000000dfc00000, 0x0000000100000000)
  eden space 132096K, 0% used [0x00000000d5f00000,0x00000000d5f00000,0x00000000de000000)
  from space 13824K, 98% used [0x00000000de000000,0x00000000ded477d8,0x00000000ded80000)
  to   space 12800K, 0% used [0x00000000ded80000,0x00000000ded80000,0x00000000dfa00000)
 ParOldGen       total 87552K, used 17285K [0x0000000081c00000, 0x0000000087180000, 0x00000000d5f00000)
  object space 87552K, 19% used [0x0000000081c00000,0x0000000082ce14e0,0x0000000087180000)
 Metaspace       used 20693K, capacity 21204K, committed 21296K, reserved 1069056K
  class space    used 2460K, capacity 2587K, committed 2608K, reserved 1048576K
}
Event: 3.501 GC heap before
{Heap before GC invocations=8 (full 1):
 PSYoungGen      total 145920K, used 13597K [0x00000000d5f00000, 0x00000000dfc00000, 0x0000000100000000)
  eden space 132096K, 0% used [0x00000000d5f00000,0x00000000d5f00000,0x00000000de000000)
  from space 13824K, 98% used [0x00000000de000000,0x00000000ded477d8,0x00000000ded80000)
  to   space 12800K, 0% used [0x00000000ded80000,0x00000000ded80000,0x00000000dfa00000)
 ParOldGen       total 87552K, used 17285K [0x0000000081c00000, 0x0000000087180000, 0x00000000d5f00000)
  object space 87552K, 19% used [0x0000000081c00000,0x0000000082ce14e0,0x0000000087180000)
 Metaspace       used 20693K, capacity 21204K, committed 21296K, reserved 1069056K
  class space    used 2460K, capacity 2587K, committed 2608K, reserved 1048576K
Event: 3.587 GC heap after
Heap after GC invocations=8 (full 1):
 PSYoungGen      total 145920K, used 0K [0x00000000d5f00000, 0x00000000dfc00000, 0x0000000100000000)
  eden space 132096K, 0% used [0x00000000d5f00000,0x00000000d5f00000,0x00000000de000000)
  from space 13824K, 0% used [0x00000000de000000,0x00000000de000000,0x00000000ded80000)
  to   space 12800K, 0% used [0x00000000ded80000,0x00000000ded80000,0x00000000dfa00000)
 ParOldGen       total 82944K, used 23584K [0x0000000081c00000, 0x0000000086d00000, 0x00000000d5f00000)
  object space 82944K, 28% used [0x0000000081c00000,0x0000000083308238,0x0000000086d00000)
 Metaspace       used 20693K, capacity 21204K, committed 21296K, reserved 1069056K
  class space    used 2460K, capacity 2587K, committed 2608K, reserved 1048576K
}
Event: 4.787 GC heap before
{Heap before GC invocations=9 (full 1):
 PSYoungGen      total 145920K, used 132096K [0x00000000d5f00000, 0x00000000dfc00000, 0x0000000100000000)
  eden space 132096K, 100% used [0x00000000d5f00000,0x00000000de000000,0x00000000de000000)
  from space 13824K, 0% used [0x00000000de000000,0x00000000de000000,0x00000000ded80000)
  to   space 12800K, 0% used [0x00000000ded80000,0x00000000ded80000,0x00000000dfa00000)
 ParOldGen       total 82944K, used 23584K [0x0000000081c00000, 0x0000000086d00000, 0x00000000d5f00000)
  object space 82944K, 28% used [0x0000000081c00000,0x0000000083308238,0x0000000086d00000)
 Metaspace       used 26140K, capacity 26824K, committed 26928K, reserved 1073152K
  class space    used 3088K, capacity 3280K, committed 3376K, reserved 1048576K
Event: 4.798 GC heap after
Heap after GC invocations=9 (full 1):
 PSYoungGen      total 144896K, used 12781K [0x00000000d5f00000, 0x00000000dfc00000, 0x0000000100000000)
  eden space 132096K, 0% used [0x00000000d5f00000,0x00000000d5f00000,0x00000000de000000)
  from space 12800K, 99% used [0x00000000ded80000,0x00000000df9fb7b0,0x00000000dfa00000)
  to   space 13824K, 0% used [0x00000000de000000,0x00000000de000000,0x00000000ded80000)
 ParOldGen       total 82944K, used 26449K [0x0000000081c00000, 0x0000000086d00000, 0x00000000d5f00000)
  object space 82944K, 31% used [0x0000000081c00000,0x00000000835d4620,0x0000000086d00000)
 Metaspace       used 26140K, capacity 26824K, committed 26928K, reserved 1073152K
  class space    used 3088K, capacity 3280K, committed 3376K, reserved 1048576K
}

