# JRE version: Java(TM) SE Runtime Environment (8.0_181-b13) (build 1.8.0_181-b13)
# Java VM: Java HotSpot(TM) 64-Bit Server VM (25.181-b13 mixed mode windows-amd64 compressed oops)
Heap:
 PSYoungGen      total 71680K, used 59506K [0x00000000d5f00000, 0x00000000daa00000, 0x0000000100000000)
  eden space 66560K, 81% used [0x00000000d5f00000,0x00000000d941d0f0,0x00000000da000000)
  from space 5120K, 99% used [0x00000000da500000,0x00000000da9ff780,0x00000000daa00000)
  to   space 5120K, 0% used [0x00000000da000000,0x00000000da000000,0x00000000da500000)
 ParOldGen       total 83968K, used 30487K [0x0000000081c00000, 0x0000000086e00000, 0x00000000d5f00000)
  object space 83968K, 36% used [0x0000000081c00000,0x00000000839c5ee8,0x0000000086e00000)
 Metaspace       used 26284K, capacity 26984K, committed 27184K, reserved 1073152K
  class space    used 3099K, capacity 3312K, committed 3376K, reserved 1048576K
GC Heap History (10 events):
Event: 2.314 GC heap before
{Heap before GC invocations=5 (full 0):
 PSYoungGen      total 71680K, used 71672K [0x00000000d5f00000, 0x00000000daa00000, 0x0000000100000000)
  eden space 66560K, 100% used [0x00000000d5f00000,0x00000000da000000,0x00000000da000000)
  from space 5120K, 99% used [0x00000000da500000,0x00000000da9fe050,0x00000000daa00000)
  to   space 5120K, 0% used [0x00000000da000000,0x00000000da000000,0x00000000da500000)
 ParOldGen       total 87552K, used 8323K [0x0000000081c00000, 0x0000000087180000, 0x00000000d5f00000)
  object space 87552K, 9% used [0x0000000081c00000,0x0000000082420dd0,0x0000000087180000)
 Metaspace       used 16384K, capacity 16780K, committed 17152K, reserved 1064960K
  class space    used 1938K, capacity 2011K, committed 2048K, reserved 1048576K
Event: 2.327 GC heap after
Heap after GC invocations=5 (full 0):
 PSYoungGen      total 71680K, used 5092K [0x00000000d5f00000, 0x00000000daa00000, 0x0000000100000000)
  eden space 66560K, 0% used [0x00000000d5f00000,0x00000000d5f00000,0x00000000da000000)
  from space 5120K, 99% used [0x00000000da000000,0x00000000da4f9310,0x00000000da500000)
  to   space 5120K, 0% used [0x00000000da500000,0x00000000da500000,0x00000000daa00000)
 ParOldGen       total 87552K, used 15525K [0x0000000081c00000, 0x0000000087180000, 0x00000000d5f00000)
  object space 87552K, 17% used [0x0000000081c00000,0x0000000082b295c0,0x0000000087180000)
 Metaspace       used 16384K, capacity 16780K, committed 17152K, reserved 1064960K
  class space    used 1938K, capacity 2011K, committed 2048K, reserved 1048576K
}
Event: 2.811 GC heap before
{Heap before GC invocations=6 (full 0):
 PSYoungGen      total 71680K, used 71652K [0x00000000d5f00000, 0x00000000daa00000, 0x0000000100000000)
  eden space 66560K, 100% used [0x00000000d5f00000,0x00000000da000000,0x00000000da000000)
  from space 5120K, 99% used [0x00000000da000000,0x00000000da4f9310,0x00000000da500000)
  to   space 5120K, 0% used [0x00000000da500000,0x00000000da500000,0x00000000daa00000)
 ParOldGen       total 87552K, used 15525K [0x0000000081c00000, 0x0000000087180000, 0x00000000d5f00000)
  object space 87552K, 17% used [0x0000000081c00000,0x0000000082b295c0,0x0000000087180000)
 Metaspace       used 16872K, capacity 17302K, committed 17536K, reserved 1064960K
  class space    used 1971K, capacity 2050K, committed 2176K, reserved 1048576K
Event: 2.822 GC heap after
Heap after GC invocations=6 (full 0):
 PSYoungGen      total 71680K, used 5096K [0x00000000d5f00000, 0x00000000daa00000, 0x0000000100000000)
  eden space 66560K, 0% used [0x00000000d5f00000,0x00000000d5f00000,0x00000000da000000)
  from space 5120K, 99% used [0x00000000da500000,0x00000000da9fa040,0x00000000daa00000)
  to   space 5120K, 0% used [0x00000000da000000,0x00000000da000000,0x00000000da500000)
 ParOldGen       total 87552K, used 21473K [0x0000000081c00000, 0x0000000087180000, 0x00000000d5f00000)
  object space 87552K, 24% used [0x0000000081c00000,0x00000000830f87a0,0x0000000087180000)
 Metaspace       used 16872K, capacity 17302K, committed 17536K, reserved 1064960K
  class space    used 1971K, capacity 2050K, committed 2176K, reserved 1048576K
}
Event: 3.522 GC heap before
{Heap before GC invocations=7 (full 0):
 PSYoungGen      total 71680K, used 71497K [0x00000000d5f00000, 0x00000000daa00000, 0x0000000100000000)
  eden space 66560K, 99% used [0x00000000d5f00000,0x00000000d9fd8458,0x00000000da000000)
  from space 5120K, 99% used [0x00000000da500000,0x00000000da9fa040,0x00000000daa00000)
  to   space 5120K, 0% used [0x00000000da000000,0x00000000da000000,0x00000000da500000)
 ParOldGen       total 87552K, used 21473K [0x0000000081c00000, 0x0000000087180000, 0x00000000d5f00000)
  object space 87552K, 24% used [0x0000000081c00000,0x00000000830f87a0,0x0000000087180000)
 Metaspace       used 20633K, capacity 21204K, committed 21296K, reserved 1069056K
  class space    used 2426K, capacity 2587K, committed 2608K, reserved 1048576K
Event: 3.536 GC heap after
Heap after GC invocations=7 (full 0):
 PSYoungGen      total 71680K, used 5104K [0x00000000d5f00000, 0x00000000daa00000, 0x0000000100000000)
  eden space 66560K, 0% used [0x00000000d5f00000,0x00000000d5f00000,0x00000000da000000)
  from space 5120K, 99% used [0x00000000da000000,0x00000000da4fc010,0x00000000da500000)
  to   space 5120K, 0% used [0x00000000da500000,0x00000000da500000,0x00000000daa00000)
 ParOldGen       total 87552K, used 26284K [0x0000000081c00000, 0x0000000087180000, 0x00000000d5f00000)
  object space 87552K, 30% used [0x0000000081c00000,0x00000000835ab378,0x0000000087180000)
 Metaspace       used 20633K, capacity 21204K, committed 21296K, reserved 1069056K
  class space    used 2426K, capacity 2587K, committed 2608K, reserved 1048576K
}
Event: 3.536 GC heap before
{Heap before GC invocations=8 (full 1):
 PSYoungGen      total 71680K, used 5104K [0x00000000d5f00000, 0x00000000daa00000, 0x0000000100000000)
  eden space 66560K, 0% used [0x00000000d5f00000,0x00000000d5f00000,0x00000000da000000)
  from space 5120K, 99% used [0x00000000da000000,0x00000000da4fc010,0x00000000da500000)
  to   space 5120K, 0% used [0x00000000da500000,0x00000000da500000,0x00000000daa00000)
 ParOldGen       total 87552K, used 26284K [0x0000000081c00000, 0x0000000087180000, 0x00000000d5f00000)
  object space 87552K, 30% used [0x0000000081c00000,0x00000000835ab378,0x0000000087180000)
 Metaspace       used 20633K, capacity 21204K, committed 21296K, reserved 1069056K
  class space    used 2426K, capacity 2587K, committed 2608K, reserved 1048576K
Event: 3.613 GC heap after
Heap after GC invocations=8 (full 1):
 PSYoungGen      total 71680K, used 0K [0x00000000d5f00000, 0x00000000daa00000, 0x0000000100000000)
  eden space 66560K, 0% used [0x00000000d5f00000,0x00000000d5f00000,0x00000000da000000)
  from space 5120K, 0% used [0x00000000da000000,0x00000000da000000,0x00000000da500000)
  to   space 5120K, 0% used [0x00000000da500000,0x00000000da500000,0x00000000daa00000)
 ParOldGen       total 83968K, used 23467K [0x0000000081c00000, 0x0000000086e00000, 0x00000000d5f00000)
  object space 83968K, 27% used [0x0000000081c00000,0x00000000832eafb0,0x0000000086e00000)
 Metaspace       used 20633K, capacity 21204K, committed 21296K, reserved 1069056K
  class space    used 2426K, capacity 2587K, committed 2608K, reserved 1048576K
}
Event: 4.356 GC heap before
{Heap before GC invocations=9 (full 1):
 PSYoungGen      total 71680K, used 66560K [0x00000000d5f00000, 0x00000000daa00000, 0x0000000100000000)
  eden space 66560K, 100% used [0x00000000d5f00000,0x00000000da000000,0x00000000da000000)
  from space 5120K, 0% used [0x00000000da000000,0x00000000da000000,0x00000000da500000)
  to   space 5120K, 0% used [0x00000000da500000,0x00000000da500000,0x00000000daa00000)
 ParOldGen       total 83968K, used 23467K [0x0000000081c00000, 0x0000000086e00000, 0x00000000d5f00000)
  object space 83968K, 27% used [0x0000000081c00000,0x00000000832eafb0,0x0000000086e00000)
 Metaspace       used 24631K, capacity 25202K, committed 25392K, reserved 1071104K
  class space    used 2854K, capacity 3039K, committed 3120K, reserved 1048576K
Event: 4.363 GC heap after
Heap after GC invocations=9 (full 1):
 PSYoungGen      total 71680K, used 5117K [0x00000000d5f00000, 0x00000000daa00000, 0x0000000100000000)
  eden space 66560K, 0% used [0x00000000d5f00000,0x00000000d5f00000,0x00000000da000000)
  from space 5120K, 99% used [0x00000000da500000,0x00000000da9ff780,0x00000000daa00000)
  to   space 5120K, 0% used [0x00000000da000000,0x00000000da000000,0x00000000da500000)
 ParOldGen       total 83968K, used 30487K [0x0000000081c00000, 0x0000000086e00000, 0x00000000d5f00000)
  object space 83968K, 36% used [0x0000000081c00000,0x00000000839c5ee8,0x0000000086e00000)
 Metaspace       used 24631K, capacity 25202K, committed 25392K, reserved 1071104K
  class space    used 2854K, capacity 3039K, committed 3120K, reserved 1048576K
}

